c:\users\olujerome\documents\visual studio 2010\projects\my24hourtimerwpf\x64\debug\nvidiadata.ilk
c:\users\olujerome\documents\visual studio 2010\projects\my24hourtimerwpf\x64\debug\nvidiadata.exe
c:\users\olujerome\documents\visual studio 2010\projects\my24hourtimerwpf\nvidiadata\x64\debug\nvidiadata.exe.intermediate.manifest
c:\users\olujerome\documents\visual studio 2010\projects\my24hourtimerwpf\x64\debug\nvidiadata.pdb
c:\users\olujerome\documents\visual studio 2010\projects\my24hourtimerwpf\nvidiadata\x64\debug\nvidiadata.exe.embed.manifest
c:\users\olujerome\documents\visual studio 2010\projects\my24hourtimerwpf\nvidiadata\x64\debug\nvidiadata.exe.embed.manifest.res
c:\users\olujerome\documents\visual studio 2010\projects\my24hourtimerwpf\nvidiadata\x64\debug\kernel.cu.cache
c:\users\olujerome\documents\visual studio 2010\projects\my24hourtimerwpf\nvidiadata\x64\debug\kernel.cu.obj
c:\users\olujerome\documents\visual studio 2010\projects\my24hourtimerwpf\nvidiadata\x64\debug\link-cvtres.read.1.tlog
c:\users\olujerome\documents\visual studio 2010\projects\my24hourtimerwpf\nvidiadata\x64\debug\link-cvtres.write.1.tlog
c:\users\olujerome\documents\visual studio 2010\projects\my24hourtimerwpf\nvidiadata\x64\debug\link.4444-cvtres.read.1.tlog
c:\users\olujerome\documents\visual studio 2010\projects\my24hourtimerwpf\nvidiadata\x64\debug\link.4444-cvtres.write.1.tlog
c:\users\olujerome\documents\visual studio 2010\projects\my24hourtimerwpf\nvidiadata\x64\debug\link.4444.read.1.tlog
c:\users\olujerome\documents\visual studio 2010\projects\my24hourtimerwpf\nvidiadata\x64\debug\link.4444.write.1.tlog
c:\users\olujerome\documents\visual studio 2010\projects\my24hourtimerwpf\nvidiadata\x64\debug\link.command.1.tlog
c:\users\olujerome\documents\visual studio 2010\projects\my24hourtimerwpf\nvidiadata\x64\debug\link.read.1.tlog
c:\users\olujerome\documents\visual studio 2010\projects\my24hourtimerwpf\nvidiadata\x64\debug\link.write.1.tlog
c:\users\olujerome\documents\visual studio 2010\projects\my24hourtimerwpf\nvidiadata\x64\debug\mt.command.1.tlog
c:\users\olujerome\documents\visual studio 2010\projects\my24hourtimerwpf\nvidiadata\x64\debug\mt.read.1.tlog
c:\users\olujerome\documents\visual studio 2010\projects\my24hourtimerwpf\nvidiadata\x64\debug\mt.write.1.tlog
c:\users\olujerome\documents\visual studio 2010\projects\my24hourtimerwpf\nvidiadata\x64\debug\rc.command.1.tlog
c:\users\olujerome\documents\visual studio 2010\projects\my24hourtimerwpf\nvidiadata\x64\debug\rc.read.1.tlog
c:\users\olujerome\documents\visual studio 2010\projects\my24hourtimerwpf\nvidiadata\x64\debug\rc.write.1.tlog
c:\users\olujerome\documents\visual studio 2010\projects\my24hourtimerwpf\nvidiadata\x64\debug\nvidiadata_manifest.rc
