Build started 5/7/2014 2:14:30 PM.
     1>Project "C:\Users\OluJerome\Documents\Visual Studio 2010\Projects\My24HourTimerWPF\NvidiaData\NvidiaData.vcxproj" on node 3 (Rebuild target(s)).
     1>CudaClean:
         cmd.exe /C "C:\Users\OluJerome\AppData\Local\Temp\tmp4415c8de1e2242008f62ba2a6083b852.cmd"
         "C:\Program Files\NVIDIA GPU Computing Toolkit\CUDA\v6.0\bin\nvcc.exe" -ccbin "c:\Program Files (x86)\Microsoft Visual Studio 10.0\VC\bin\x86_amd64"  -I"C:\Program Files\NVIDIA GPU Computing Toolkit\CUDA\v6.0\include" -I"C:\Program Files\NVIDIA GPU Computing Toolkit\CUDA\v6.0\include"  -G   --keep-dir x64\Debug -maxrregcount=0  --machine 64 --compile   -g   -DWIN32 -DWIN64 -D_DEBUG -D_CONSOLE -D_MBCS -Xcompiler "/EHsc /W3 /nologo /Od /Zi /RTC1 /MDd  " -o x64\Debug\kernel.cu.obj "C:\Users\OluJerome\Documents\Visual Studio 2010\Projects\My24HourTimerWPF\NvidiaData\kernel.cu" -clean
         
         C:\Users\OluJerome\Documents\Visual Studio 2010\Projects\My24HourTimerWPF\NvidiaData>"C:\Program Files\NVIDIA GPU Computing Toolkit\CUDA\v6.0\bin\nvcc.exe" -ccbin "c:\Program Files (x86)\Microsoft Visual Studio 10.0\VC\bin\x86_amd64"  -I"C:\Program Files\NVIDIA GPU Computing Toolkit\CUDA\v6.0\include" -I"C:\Program Files\NVIDIA GPU Computing Toolkit\CUDA\v6.0\include"  -G   --keep-dir x64\Debug -maxrregcount=0  --machine 64 --compile   -g   -DWIN32 -DWIN64 -D_DEBUG -D_CONSOLE -D_MBCS -Xcompiler "/EHsc /W3 /nologo /Od /Zi /RTC1 /MDd  " -o x64\Debug\kernel.cu.obj "C:\Users\OluJerome\Documents\Visual Studio 2010\Projects\My24HourTimerWPF\NvidiaData\kernel.cu" -clean 
         kernel.cu
       AddCudaCompileDeps:
         c:\Program Files (x86)\Microsoft Visual Studio 10.0\VC\bin\x86_amd64\cl.exe /E /nologo /showIncludes /TP /D__CUDACC__ /DWIN32 /DWIN64 /D_DEBUG /D_CONSOLE /D_MBCS /I"C:\Program Files\NVIDIA GPU Computing Toolkit\CUDA\v6.0\include" /I"C:\Program Files\NVIDIA GPU Computing Toolkit\CUDA\v6.0\bin" /I"C:\Program Files\NVIDIA GPU Computing Toolkit\CUDA\v6.0\include" /I. /FIcuda_runtime.h /c "C:\Users\OluJerome\Documents\Visual Studio 2010\Projects\My24HourTimerWPF\NvidiaData\kernel.cu" 
       CudaBuild:
         Compiling CUDA source file kernel.cu...
         cmd.exe /C "C:\Users\OluJerome\AppData\Local\Temp\tmp4634e67341624b118163e7b640588495.cmd"
         "C:\Program Files\NVIDIA GPU Computing Toolkit\CUDA\v6.0\bin\nvcc.exe" -gencode=arch=compute_10,code=\"sm_10,compute_10\" --use-local-env --cl-version 2010 -ccbin "c:\Program Files (x86)\Microsoft Visual Studio 10.0\VC\bin\x86_amd64"  -I"C:\Program Files\NVIDIA GPU Computing Toolkit\CUDA\v6.0\include" -I"C:\Program Files\NVIDIA GPU Computing Toolkit\CUDA\v6.0\include"  -G   --keep-dir x64\Debug -maxrregcount=0  --machine 64 --compile -cudart static  -g   -DWIN32 -DWIN64 -D_DEBUG -D_CONSOLE -D_MBCS -Xcompiler "/EHsc /W3 /nologo /Od /Zi /RTC1 /MDd  " -o x64\Debug\kernel.cu.obj "C:\Users\OluJerome\Documents\Visual Studio 2010\Projects\My24HourTimerWPF\NvidiaData\kernel.cu"
         
         C:\Users\OluJerome\Documents\Visual Studio 2010\Projects\My24HourTimerWPF\NvidiaData>"C:\Program Files\NVIDIA GPU Computing Toolkit\CUDA\v6.0\bin\nvcc.exe" -gencode=arch=compute_10,code=\"sm_10,compute_10\" --use-local-env --cl-version 2010 -ccbin "c:\Program Files (x86)\Microsoft Visual Studio 10.0\VC\bin\x86_amd64"  -I"C:\Program Files\NVIDIA GPU Computing Toolkit\CUDA\v6.0\include" -I"C:\Program Files\NVIDIA GPU Computing Toolkit\CUDA\v6.0\include"  -G   --keep-dir x64\Debug -maxrregcount=0  --machine 64 --compile -cudart static  -g   -DWIN32 -DWIN64 -D_DEBUG -D_CONSOLE -D_MBCS -Xcompiler "/EHsc /W3 /nologo /Od /Zi /RTC1 /MDd  " -o x64\Debug\kernel.cu.obj "C:\Users\OluJerome\Documents\Visual Studio 2010\Projects\My24HourTimerWPF\NvidiaData\kernel.cu" 
     1>nvcc : warning : The 'compute_10' and 'sm_10' architectures are deprecated, and may be removed in a future release.
         kernel.cu
       ManifestResourceCompile:
         C:\Program Files (x86)\Microsoft SDKs\Windows\v7.0A\bin\rc.exe /nologo /fo"x64\Debug\NvidiaData.exe.embed.manifest.res" x64\Debug\NvidiaData_manifest.rc 
       Link:
         c:\Program Files (x86)\Microsoft Visual Studio 10.0\VC\bin\x86_amd64\link.exe /ERRORREPORT:PROMPT /OUT:"C:\Users\OluJerome\Documents\Visual Studio 2010\Projects\My24HourTimerWPF\x64\Debug\NvidiaData.exe" /INCREMENTAL /NOLOGO /LIBPATH:"C:\Program Files\NVIDIA GPU Computing Toolkit\CUDA\v6.0\lib\x64" cudart.lib kernel32.lib user32.lib gdi32.lib winspool.lib comdlg32.lib advapi32.lib shell32.lib ole32.lib oleaut32.lib uuid.lib odbc32.lib odbccp32.lib kernel32.lib user32.lib gdi32.lib winspool.lib comdlg32.lib advapi32.lib shell32.lib ole32.lib oleaut32.lib uuid.lib odbc32.lib odbccp32.lib /MANIFEST /ManifestFile:"x64\Debug\NvidiaData.exe.intermediate.manifest" /MANIFESTUAC:"level='asInvoker' uiAccess='false'" /DEBUG /PDB:"C:\Users\OluJerome\Documents\Visual Studio 2010\Projects\My24HourTimerWPF\x64\Debug\NvidiaData.pdb" /SUBSYSTEM:CONSOLE /TLBID:1 /DYNAMICBASE /NXCOMPAT /IMPLIB:"C:\Users\OluJerome\Documents\Visual Studio 2010\Projects\My24HourTimerWPF\x64\Debug\NvidiaData.lib" /MACHINE:X64 x64\Debug\kernel.cu.obj
         x64\Debug\NvidiaData.exe.embed.manifest.res
         NvidiaData.vcxproj -> C:\Users\OluJerome\Documents\Visual Studio 2010\Projects\My24HourTimerWPF\x64\Debug\NvidiaData.exe
       Manifest:
         C:\Program Files (x86)\Microsoft SDKs\Windows\v7.0A\bin\mt.exe /nologo /verbose /out:"x64\Debug\NvidiaData.exe.embed.manifest" /manifest x64\Debug\NvidiaData.exe.intermediate.manifest
         C:\Program Files (x86)\Microsoft SDKs\Windows\v7.0A\bin\rc.exe /nologo /fo"x64\Debug\NvidiaData.exe.embed.manifest.res" x64\Debug\NvidiaData_manifest.rc 
       LinkEmbedManifest:
         c:\Program Files (x86)\Microsoft Visual Studio 10.0\VC\bin\x86_amd64\link.exe /ERRORREPORT:PROMPT /OUT:"C:\Users\OluJerome\Documents\Visual Studio 2010\Projects\My24HourTimerWPF\x64\Debug\NvidiaData.exe" /INCREMENTAL /NOLOGO /LIBPATH:"C:\Program Files\NVIDIA GPU Computing Toolkit\CUDA\v6.0\lib\x64" cudart.lib kernel32.lib user32.lib gdi32.lib winspool.lib comdlg32.lib advapi32.lib shell32.lib ole32.lib oleaut32.lib uuid.lib odbc32.lib odbccp32.lib kernel32.lib user32.lib gdi32.lib winspool.lib comdlg32.lib advapi32.lib shell32.lib ole32.lib oleaut32.lib uuid.lib odbc32.lib odbccp32.lib /MANIFEST /ManifestFile:"x64\Debug\NvidiaData.exe.intermediate.manifest" /MANIFESTUAC:"level='asInvoker' uiAccess='false'" /DEBUG /PDB:"C:\Users\OluJerome\Documents\Visual Studio 2010\Projects\My24HourTimerWPF\x64\Debug\NvidiaData.pdb" /SUBSYSTEM:CONSOLE /TLBID:1 /DYNAMICBASE /NXCOMPAT /IMPLIB:"C:\Users\OluJerome\Documents\Visual Studio 2010\Projects\My24HourTimerWPF\x64\Debug\NvidiaData.lib" /MACHINE:X64 x64\Debug\kernel.cu.obj
         x64\Debug\NvidiaData.exe.embed.manifest.res
         NvidiaData.vcxproj -> C:\Users\OluJerome\Documents\Visual Studio 2010\Projects\My24HourTimerWPF\x64\Debug\NvidiaData.exe
       PostBuildEvent:
         echo copy "C:\Program Files\NVIDIA GPU Computing Toolkit\CUDA\v6.0\bin\cudart*.dll" "C:\Users\OluJerome\Documents\Visual Studio 2010\Projects\My24HourTimerWPF\x64\Debug\"
         copy "C:\Program Files\NVIDIA GPU Computing Toolkit\CUDA\v6.0\bin\cudart*.dll" "C:\Users\OluJerome\Documents\Visual Studio 2010\Projects\My24HourTimerWPF\x64\Debug\"
         :VCEnd
         copy "C:\Program Files\NVIDIA GPU Computing Toolkit\CUDA\v6.0\bin\cudart*.dll" "C:\Users\OluJerome\Documents\Visual Studio 2010\Projects\My24HourTimerWPF\x64\Debug\"
         C:\Program Files\NVIDIA GPU Computing Toolkit\CUDA\v6.0\bin\cudart32_60.dll
         C:\Program Files\NVIDIA GPU Computing Toolkit\CUDA\v6.0\bin\cudart64_60.dll
                 2 file(s) copied.
     1>Done Building Project "C:\Users\OluJerome\Documents\Visual Studio 2010\Projects\My24HourTimerWPF\NvidiaData\NvidiaData.vcxproj" (Rebuild target(s)).

Build succeeded.

Time Elapsed 00:00:15.48
